<?xml version="1.0" encoding="UTF-8"?>
<!-- Generated by org.testng.reporters.JUnitXMLReporter -->
<testsuite ignored="0" hostname="SoapMcTavish" failures="0" tests="3" name="Default test" time="23.687" errors="0" timestamp="2024-01-23T14:43:55 IST">
  <testcase classname="testCases.ForgotPasswordPageTestCase" name="verifyPageHeaderTestCase" time="0.043"/>
  <testcase classname="testCases.ForgotPasswordPageTestCase" name="verifyErrorMessageTestCase" time="0.042"/>
  <testcase classname="testCases.ForgotPasswordPageTestCase" name="verifyBackToLoginPageLinkTestCase" time="0.323"/>
</testsuite> <!-- Default test -->
