<?xml version="1.0" encoding="UTF-8"?>
<!-- Generated by org.testng.reporters.JUnitXMLReporter -->
<testsuite ignored="0" hostname="SoapMcTavish" failures="0" tests="11" name="OrangeHRMCompleteFlow" time="69.416" errors="0" timestamp="2024-01-24T20:38:44 IST">
  <testcase classname="testCases.LoginPageTestCase" name="loginTestCase" time="2.614"/>
  <testcase classname="testCases.LoginPageTestCase" name="loginTestCaseUsingKeyBoardOnly" time="3.536"/>
  <testcase classname="testCases.LoginPageTestCase" name="verifyTitleTestCase" time="0.02"/>
  <testcase classname="testCases.LoginPageTestCase" name="verifyLogoTestCase" time="0.304"/>
  <testcase classname="testCases.LoginPageTestCase" name="verifyForgotPasswordFunctionality" time="5.437"/>
  <testcase classname="testCases.ForgotPasswordPageTestCase" name="verifyPageHeaderTestCase" time="0.037"/>
  <testcase classname="testCases.ForgotPasswordPageTestCase" name="verifyErrorMessageTestCase" time="0.057"/>
  <testcase classname="testCases.ForgotPasswordPageTestCase" name="verifyBackToLoginPageLinkTestCase" time="0.317"/>
  <testcase classname="testCases.HomePageTest" name="verifyImageLogoTestCase" time="0.059"/>
  <testcase classname="testCases.HomePageTest" name="verifyImageLeadsToSoftwarePageTestCase" time="4.507"/>
  <testcase classname="testCases.HomePageTest" name="verifyMenuButtonFunctionalityTestCase" time="0.122"/>
</testsuite> <!-- OrangeHRMCompleteFlow -->
